INFO 2020-07-08 19:08:54,810 autoreload 598 Watching for file changes with StatReloader
INFO 2020-07-08 19:10:24,701 basehttp 157 "GET / HTTP/1.1" 200 16351
WARNING 2020-07-08 19:10:24,972 log 228 Not Found: /favicon.ico
WARNING 2020-07-08 19:10:24,973 basehttp 157 "GET /favicon.ico HTTP/1.1" 404 1973
INFO 2020-07-08 19:11:09,445 basehttp 157 "GET / HTTP/1.1" 200 16351
INFO 2020-07-08 19:13:18,424 basehttp 157 "GET / HTTP/1.1" 200 16351
INFO 2020-07-08 19:13:46,055 autoreload 598 Watching for file changes with StatReloader
INFO 2020-07-08 19:13:47,853 basehttp 157 "GET / HTTP/1.1" 200 16351
WARNING 2020-07-08 19:13:48,085 log 228 Not Found: /favicon.ico
WARNING 2020-07-08 19:13:48,086 basehttp 157 "GET /favicon.ico HTTP/1.1" 404 1973
INFO 2020-07-08 19:15:21,110 autoreload 598 Watching for file changes with StatReloader
INFO 2020-07-08 19:15:25,413 basehttp 157 "GET / HTTP/1.1" 200 16351
WARNING 2020-07-08 19:15:25,664 log 228 Not Found: /favicon.ico
WARNING 2020-07-08 19:15:25,664 basehttp 157 "GET /favicon.ico HTTP/1.1" 404 1973
INFO 2020-07-08 19:19:18,957 autoreload 222 C:\Users\18940\Desktop\Vue\code\baizhi\edu_api\edu_api\settings\develop.py changed, reloading.
INFO 2020-07-08 19:19:19,867 autoreload 598 Watching for file changes with StatReloader
INFO 2020-07-08 20:03:20,626 autoreload 598 Watching for file changes with StatReloader
ERROR 2020-07-08 20:03:22,859 exception 77 Invalid HTTP_HOST header: '127.0.0.1:9001'. You may need to add '127.0.0.1' to ALLOWED_HOSTS.
WARNING 2020-07-08 20:03:22,927 log 228 Bad Request: /
WARNING 2020-07-08 20:03:22,928 basehttp 157 "GET / HTTP/1.1" 400 69492
ERROR 2020-07-08 20:03:23,253 exception 77 Invalid HTTP_HOST header: '127.0.0.1:9001'. You may need to add '127.0.0.1' to ALLOWED_HOSTS.
WARNING 2020-07-08 20:03:23,302 log 228 Bad Request: /favicon.ico
WARNING 2020-07-08 20:03:23,303 basehttp 157 "GET /favicon.ico HTTP/1.1" 400 69403
INFO 2020-07-08 20:03:56,984 basehttp 157 "GET / HTTP/1.1" 200 16351
INFO 2020-07-08 20:03:57,017 basehttp 157 "GET /static/admin/css/fonts.css HTTP/1.1" 200 423
INFO 2020-07-08 20:03:57,091 basehttp 157 "GET /static/admin/fonts/Roboto-Bold-webfont.woff HTTP/1.1" 200 86184
INFO 2020-07-08 20:03:57,093 basehttp 157 "GET /static/admin/fonts/Roboto-Regular-webfont.woff HTTP/1.1" 200 85876
INFO 2020-07-08 20:03:57,099 basehttp 157 "GET /static/admin/fonts/Roboto-Light-webfont.woff HTTP/1.1" 200 85692
WARNING 2020-07-08 20:03:57,105 log 228 Not Found: /favicon.ico
WARNING 2020-07-08 20:03:57,106 basehttp 157 "GET /favicon.ico HTTP/1.1" 404 1982
INFO 2020-07-08 20:05:09,162 basehttp 157 "GET / HTTP/1.1" 200 16351
INFO 2020-07-08 20:05:09,180 basehttp 157 "GET /static/admin/css/fonts.css HTTP/1.1" 200 423
INFO 2020-07-08 20:05:09,200 basehttp 157 "GET /static/admin/fonts/Roboto-Regular-webfont.woff HTTP/1.1" 200 85876
INFO 2020-07-08 20:05:09,201 basehttp 157 "GET /static/admin/fonts/Roboto-Bold-webfont.woff HTTP/1.1" 200 86184
WARNING 2020-07-08 20:05:09,203 log 228 Not Found: /favicon.ico
WARNING 2020-07-08 20:05:09,205 basehttp 157 "GET /favicon.ico HTTP/1.1" 404 1982
INFO 2020-07-08 20:05:09,206 basehttp 157 "GET /static/admin/fonts/Roboto-Light-webfont.woff HTTP/1.1" 200 85692
INFO 2020-07-08 20:33:11,249 basehttp 157 "GET / HTTP/1.1" 200 16351
INFO 2020-07-08 20:46:56,292 autoreload 222 C:\Users\18940\Desktop\Vue\code\baizhi\edu_api\edu_api\settings\develop.py changed, reloading.
INFO 2020-07-08 20:46:57,201 autoreload 598 Watching for file changes with StatReloader
INFO 2020-07-08 20:48:00,692 autoreload 598 Watching for file changes with StatReloader
INFO 2020-07-08 20:49:03,803 autoreload 222 C:\Users\18940\Desktop\Vue\code\baizhi\edu_api\edu_api\urls.py changed, reloading.
INFO 2020-07-08 20:49:04,768 autoreload 598 Watching for file changes with StatReloader
INFO 2020-07-08 20:49:25,917 autoreload 222 C:\Users\18940\Desktop\Vue\code\baizhi\edu_api\edu_api\urls.py changed, reloading.
INFO 2020-07-08 20:49:26,890 autoreload 598 Watching for file changes with StatReloader
INFO 2020-07-08 20:50:35,732 autoreload 222 C:\Users\18940\Desktop\Vue\code\baizhi\edu_api\edu_api\settings\develop.py changed, reloading.
INFO 2020-07-08 20:50:36,772 autoreload 598 Watching for file changes with StatReloader
INFO 2020-07-08 20:50:58,550 autoreload 222 C:\Users\18940\Desktop\Vue\code\baizhi\edu_api\edu_api\settings\develop.py changed, reloading.
INFO 2020-07-08 20:50:59,495 autoreload 598 Watching for file changes with StatReloader
INFO 2020-07-08 21:29:17,022 autoreload 598 Watching for file changes with StatReloader
INFO 2020-07-08 21:31:09,649 autoreload 222 C:\Users\18940\Desktop\Vue\code\baizhi\edu_api\edu_api\settings\develop.py changed, reloading.
INFO 2020-07-08 21:31:10,668 autoreload 598 Watching for file changes with StatReloader
INFO 2020-07-08 21:32:24,616 autoreload 222 C:\Users\18940\Desktop\Vue\code\baizhi\edu_api\edu_api\apps\home\models.py changed, reloading.
INFO 2020-07-08 21:32:25,585 autoreload 598 Watching for file changes with StatReloader
ERROR 2020-07-08 22:50:00,867 exception 74 Invalid HTTP_HOST header: '127.0.0.1:9001'. You may need to add '127.0.0.1' to ALLOWED_HOSTS.
WARNING 2020-07-08 22:50:01,139 basehttp 124 "GET / HTTP/1.1" 400 69198
ERROR 2020-07-08 22:50:01,368 exception 74 Invalid HTTP_HOST header: '127.0.0.1:9001'. You may need to add '127.0.0.1' to ALLOWED_HOSTS.
WARNING 2020-07-08 22:50:01,407 basehttp 124 "GET /favicon.ico HTTP/1.1" 400 69110
WARNING 2020-07-08 22:57:34,164 base 93 Not Found: /
WARNING 2020-07-08 22:57:34,165 basehttp 124 "GET / HTTP/1.1" 404 2056
INFO 2020-07-08 22:57:42,261 basehttp 124 "GET /xadmin HTTP/1.1" 301 0
INFO 2020-07-08 22:57:42,318 basehttp 124 "GET /xadmin/ HTTP/1.1" 200 4163
INFO 2020-07-08 22:57:42,341 basehttp 124 "GET /static/xadmin/vendor/bootstrap/css/bootstrap.css HTTP/1.1" 200 126432
INFO 2020-07-08 22:57:42,353 basehttp 124 "GET /static/xadmin/css/xadmin.plugins.css HTTP/1.1" 200 175
INFO 2020-07-08 22:57:42,353 basehttp 124 "GET /static/xadmin/css/xadmin.main.css HTTP/1.1" 200 8376
INFO 2020-07-08 22:57:42,353 basehttp 124 "GET /static/xadmin/css/themes/bootstrap-xadmin.css HTTP/1.1" 200 1888
INFO 2020-07-08 22:57:42,353 basehttp 124 "GET /static/xadmin/css/xadmin.responsive.css HTTP/1.1" 200 4361
INFO 2020-07-08 22:57:42,354 basehttp 124 "GET /static/xadmin/vendor/font-awesome/css/font-awesome.css HTTP/1.1" 200 21658
INFO 2020-07-08 22:57:42,364 basehttp 124 "GET /static/xadmin/vendor/jquery/jquery.js HTTP/1.1" 200 240196
INFO 2020-07-08 22:57:42,373 basehttp 124 "GET /static/xadmin/vendor/jquery-ui/jquery.ui.core.js HTTP/1.1" 200 8195
INFO 2020-07-08 22:57:42,374 basehttp 124 "GET /static/xadmin/vendor/jquery-ui/jquery.ui.widget.js HTTP/1.1" 200 15069
INFO 2020-07-08 22:57:42,374 basehttp 124 "GET /static/xadmin/vendor/jquery-ui/jquery.ui.mouse.js HTTP/1.1" 200 4561
INFO 2020-07-08 22:57:42,380 basehttp 124 "GET /static/xadmin/vendor/bootstrap/js/bootstrap.js HTTP/1.1" 200 58327
INFO 2020-07-08 22:57:42,381 basehttp 124 "GET /static/xadmin/vendor/jquery-ui/jquery.ui.sortable.js HTTP/1.1" 200 42543
INFO 2020-07-08 22:57:42,382 basehttp 124 "GET /static/xadmin/js/xadmin.responsive.js HTTP/1.1" 200 4165
INFO 2020-07-08 22:57:42,389 basehttp 124 "GET /static/xadmin/js/xadmin.main.js HTTP/1.1" 200 3401
INFO 2020-07-08 22:57:42,398 basehttp 124 "GET /xadmin/jsi18n/ HTTP/1.1" 200 4170
INFO 2020-07-08 22:57:42,739 basehttp 124 "GET /static/xadmin/vendor/font-awesome/fonts/fontawesome-webfont.woff?v=4.0.3 HTTP/1.1" 200 44432
INFO 2020-07-08 23:00:59,197 basehttp 124 "POST /xadmin/ HTTP/1.1" 302 0
INFO 2020-07-08 23:01:03,288 basehttp 124 "GET /xadmin/ HTTP/1.1" 200 9833
INFO 2020-07-08 23:01:03,311 basehttp 124 "GET /static/xadmin/vendor/bootstrap/css/bootstrap.css HTTP/1.1" 304 0
INFO 2020-07-08 23:01:03,326 basehttp 124 "GET /static/xadmin/css/themes/bootstrap-xadmin.css HTTP/1.1" 304 0
INFO 2020-07-08 23:01:03,328 basehttp 124 "GET /static/xadmin/vendor/font-awesome/css/font-awesome.css HTTP/1.1" 304 0
INFO 2020-07-08 23:01:03,328 basehttp 124 "GET /static/xadmin/css/xadmin.main.css HTTP/1.1" 304 0
INFO 2020-07-08 23:01:03,329 basehttp 124 "GET /static/xadmin/css/xadmin.responsive.css HTTP/1.1" 304 0
INFO 2020-07-08 23:01:03,332 basehttp 124 "GET /static/xadmin/css/xadmin.plugins.css HTTP/1.1" 304 0
INFO 2020-07-08 23:01:03,334 basehttp 124 "GET /static/xadmin/css/xadmin.page.dashboard.css HTTP/1.1" 200 790
INFO 2020-07-08 23:01:03,338 basehttp 124 "GET /static/xadmin/vendor/jquery/jquery.js HTTP/1.1" 304 0
INFO 2020-07-08 23:01:03,349 basehttp 124 "GET /static/xadmin/vendor/jquery-ui/jquery.ui.sortable.js HTTP/1.1" 304 0
INFO 2020-07-08 23:01:03,350 basehttp 124 "GET /static/xadmin/js/xadmin.plugin.portal.js HTTP/1.1" 200 1000
INFO 2020-07-08 23:01:03,350 basehttp 124 "GET /static/xadmin/js/xadmin.responsive.js HTTP/1.1" 304 0
INFO 2020-07-08 23:01:03,351 basehttp 124 "GET /static/xadmin/vendor/bootstrap/js/bootstrap.js HTTP/1.1" 304 0
INFO 2020-07-08 23:01:03,351 basehttp 124 "GET /static/xadmin/js/xadmin.main.js HTTP/1.1" 304 0
INFO 2020-07-08 23:01:03,362 basehttp 124 "GET /static/xadmin/vendor/jquery-ui/jquery.ui.core.js HTTP/1.1" 304 0
INFO 2020-07-08 23:01:03,362 basehttp 124 "GET /static/xadmin/vendor/jquery-ui/jquery.ui.widget.js HTTP/1.1" 304 0
INFO 2020-07-08 23:01:03,362 basehttp 124 "GET /static/xadmin/js/xadmin.page.dashboard.js HTTP/1.1" 200 3208
INFO 2020-07-08 23:01:03,363 basehttp 124 "GET /static/xadmin/vendor/jquery-ui/jquery.ui.mouse.js HTTP/1.1" 304 0
INFO 2020-07-08 23:01:07,394 basehttp 124 "GET /xadmin/jsi18n/ HTTP/1.1" 200 7684
INFO 2020-07-08 23:01:07,412 basehttp 124 "GET /static/xadmin/vendor/font-awesome/fonts/fontawesome-webfont.woff?v=4.0.3 HTTP/1.1" 304 0
INFO 2020-07-08 23:02:56,425 basehttp 124 "GET /xadmin/ HTTP/1.1" 200 9833
INFO 2020-07-08 23:02:56,441 basehttp 124 "GET /static/xadmin/vendor/bootstrap/css/bootstrap.css HTTP/1.1" 304 0
INFO 2020-07-08 23:02:56,445 basehttp 124 "GET /static/xadmin/css/themes/bootstrap-xadmin.css HTTP/1.1" 304 0
INFO 2020-07-08 23:02:56,458 basehttp 124 "GET /static/xadmin/vendor/font-awesome/css/font-awesome.css HTTP/1.1" 304 0
INFO 2020-07-08 23:02:56,459 basehttp 124 "GET /static/xadmin/css/xadmin.main.css HTTP/1.1" 304 0
INFO 2020-07-08 23:02:56,459 basehttp 124 "GET /static/xadmin/css/xadmin.plugins.css HTTP/1.1" 304 0
INFO 2020-07-08 23:02:56,460 basehttp 124 "GET /static/xadmin/css/xadmin.page.dashboard.css HTTP/1.1" 304 0
INFO 2020-07-08 23:02:56,460 basehttp 124 "GET /static/xadmin/css/xadmin.responsive.css HTTP/1.1" 304 0
INFO 2020-07-08 23:02:56,463 basehttp 124 "GET /static/xadmin/vendor/jquery/jquery.js HTTP/1.1" 304 0
INFO 2020-07-08 23:02:56,466 basehttp 124 "GET /static/xadmin/vendor/jquery-ui/jquery.ui.core.js HTTP/1.1" 304 0
INFO 2020-07-08 23:02:56,476 basehttp 124 "GET /static/xadmin/js/xadmin.responsive.js HTTP/1.1" 304 0
INFO 2020-07-08 23:02:56,477 basehttp 124 "GET /static/xadmin/js/xadmin.page.dashboard.js HTTP/1.1" 304 0
INFO 2020-07-08 23:02:56,477 basehttp 124 "GET /static/xadmin/vendor/jquery-ui/jquery.ui.sortable.js HTTP/1.1" 304 0
INFO 2020-07-08 23:02:56,478 basehttp 124 "GET /static/xadmin/vendor/jquery-ui/jquery.ui.mouse.js HTTP/1.1" 304 0
INFO 2020-07-08 23:02:56,479 basehttp 124 "GET /static/xadmin/js/xadmin.plugin.portal.js HTTP/1.1" 304 0
INFO 2020-07-08 23:02:56,486 basehttp 124 "GET /static/xadmin/js/xadmin.main.js HTTP/1.1" 304 0
INFO 2020-07-08 23:02:56,488 basehttp 124 "GET /static/xadmin/vendor/bootstrap/js/bootstrap.js HTTP/1.1" 304 0
INFO 2020-07-08 23:02:56,488 basehttp 124 "GET /static/xadmin/vendor/jquery-ui/jquery.ui.widget.js HTTP/1.1" 304 0
INFO 2020-07-08 23:03:00,491 basehttp 124 "GET /xadmin/jsi18n/ HTTP/1.1" 200 7684
INFO 2020-07-08 23:03:00,501 basehttp 124 "GET /static/xadmin/vendor/font-awesome/fonts/fontawesome-webfont.woff?v=4.0.3 HTTP/1.1" 304 0
INFO 2020-07-08 23:05:28,923 basehttp 124 "GET /xadmin/ HTTP/1.1" 200 9833
INFO 2020-07-08 23:05:28,942 basehttp 124 "GET /static/xadmin/vendor/bootstrap/css/bootstrap.css HTTP/1.1" 304 0
INFO 2020-07-08 23:05:28,951 basehttp 124 "GET /static/xadmin/css/themes/bootstrap-xadmin.css HTTP/1.1" 304 0
INFO 2020-07-08 23:05:28,961 basehttp 124 "GET /static/xadmin/vendor/font-awesome/css/font-awesome.css HTTP/1.1" 304 0
INFO 2020-07-08 23:05:28,962 basehttp 124 "GET /static/xadmin/css/xadmin.plugins.css HTTP/1.1" 304 0
INFO 2020-07-08 23:05:28,962 basehttp 124 "GET /static/xadmin/css/xadmin.main.css HTTP/1.1" 304 0
INFO 2020-07-08 23:05:28,962 basehttp 124 "GET /static/xadmin/css/xadmin.responsive.css HTTP/1.1" 304 0
INFO 2020-07-08 23:05:28,964 basehttp 124 "GET /static/xadmin/css/xadmin.page.dashboard.css HTTP/1.1" 304 0
INFO 2020-07-08 23:05:28,974 basehttp 124 "GET /static/xadmin/vendor/bootstrap/js/bootstrap.js HTTP/1.1" 304 0
INFO 2020-07-08 23:05:28,974 basehttp 124 "GET /static/xadmin/vendor/jquery-ui/jquery.ui.mouse.js HTTP/1.1" 304 0
INFO 2020-07-08 23:05:28,974 basehttp 124 "GET /static/xadmin/vendor/jquery-ui/jquery.ui.sortable.js HTTP/1.1" 304 0
INFO 2020-07-08 23:05:28,975 basehttp 124 "GET /static/xadmin/js/xadmin.main.js HTTP/1.1" 304 0
INFO 2020-07-08 23:05:28,975 basehttp 124 "GET /static/xadmin/js/xadmin.responsive.js HTTP/1.1" 304 0
INFO 2020-07-08 23:05:28,986 basehttp 124 "GET /static/xadmin/vendor/jquery-ui/jquery.ui.widget.js HTTP/1.1" 304 0
INFO 2020-07-08 23:05:28,986 basehttp 124 "GET /static/xadmin/js/xadmin.page.dashboard.js HTTP/1.1" 304 0
INFO 2020-07-08 23:05:28,988 basehttp 124 "GET /static/xadmin/vendor/jquery/jquery.js HTTP/1.1" 304 0
INFO 2020-07-08 23:05:28,989 basehttp 124 "GET /static/xadmin/js/xadmin.plugin.portal.js HTTP/1.1" 304 0
INFO 2020-07-08 23:05:28,989 basehttp 124 "GET /static/xadmin/vendor/jquery-ui/jquery.ui.core.js HTTP/1.1" 304 0
INFO 2020-07-08 23:05:33,014 basehttp 124 "GET /xadmin/jsi18n/ HTTP/1.1" 200 7684
INFO 2020-07-08 23:05:33,028 basehttp 124 "GET /static/xadmin/vendor/font-awesome/fonts/fontawesome-webfont.woff?v=4.0.3 HTTP/1.1" 304 0
INFO 2020-07-08 23:05:38,509 basehttp 124 "GET /xadmin/reversion/revision/ HTTP/1.1" 200 24498
INFO 2020-07-08 23:05:38,543 basehttp 124 "GET /static/xadmin/css/xadmin.form.css HTTP/1.1" 200 3763
INFO 2020-07-08 23:05:38,553 basehttp 124 "GET /static/xadmin/vendor/bootstrap-datepicker/css/datepicker.css HTTP/1.1" 200 10225
INFO 2020-07-08 23:05:38,553 basehttp 124 "GET /static/xadmin/vendor/selectize/selectize.css HTTP/1.1" 200 8425
INFO 2020-07-08 23:05:38,554 basehttp 124 "GET /static/xadmin/vendor/select2/select2.css HTTP/1.1" 200 19226
INFO 2020-07-08 23:05:38,554 basehttp 124 "GET /static/xadmin/vendor/selectize/selectize.bootstrap3.css HTTP/1.1" 200 10602
INFO 2020-07-08 23:05:38,556 basehttp 124 "GET /static/xadmin/js/xadmin.plugin.bookmark.js HTTP/1.1" 200 529
INFO 2020-07-08 23:05:38,557 basehttp 124 "GET /static/xadmin/js/xadmin.plugin.details.js HTTP/1.1" 200 2319
INFO 2020-07-08 23:05:38,570 basehttp 124 "GET /static/xadmin/js/xadmin.widget.select.js HTTP/1.1" 200 1344
INFO 2020-07-08 23:05:38,571 basehttp 124 "GET /static/xadmin/vendor/select2/select2_locale_zh-hans.js HTTP/1.1" 200 694
INFO 2020-07-08 23:05:38,574 basehttp 124 "GET /static/xadmin/js/xadmin.plugin.filters.js HTTP/1.1" 200 1990
INFO 2020-07-08 23:05:38,577 basehttp 124 "GET /static/xadmin/vendor/select2/select2.js HTTP/1.1" 200 104906
INFO 2020-07-08 23:05:38,580 basehttp 124 "GET /static/xadmin/vendor/selectize/selectize.js HTTP/1.1" 200 98602
INFO 2020-07-08 23:05:38,586 basehttp 124 "GET /static/xadmin/js/xadmin.page.list.js HTTP/1.1" 200 1105
INFO 2020-07-08 23:05:38,587 basehttp 124 "GET /static/xadmin/js/xadmin.page.form.js HTTP/1.1" 200 1948
INFO 2020-07-08 23:05:38,588 basehttp 124 "GET /static/xadmin/js/xadmin.widget.datetime.js HTTP/1.1" 200 2979
INFO 2020-07-08 23:05:38,588 basehttp 124 "GET /static/xadmin/vendor/bootstrap-datepicker/js/bootstrap-datepicker.js HTTP/1.1" 200 32656
INFO 2020-07-08 23:05:42,597 basehttp 124 "GET /xadmin/jsi18n/ HTTP/1.1" 200 7684
INFO 2020-07-08 23:05:52,087 basehttp 124 "GET /xadmin/ HTTP/1.1" 200 9833
INFO 2020-07-08 23:05:56,151 basehttp 124 "GET /xadmin/jsi18n/ HTTP/1.1" 200 7684
INFO 2020-07-08 23:06:17,323 basehttp 124 "GET /xadmin/ HTTP/1.1" 200 9833
INFO 2020-07-08 23:06:21,361 basehttp 124 "GET /xadmin/jsi18n/ HTTP/1.1" 200 7684
ERROR 2020-07-08 23:10:12,784 exception 74 Invalid HTTP_HOST header: '127.0.0.1:9001'. You may need to add '127.0.0.1' to ALLOWED_HOSTS.
WARNING 2020-07-08 23:10:12,960 basehttp 124 "GET / HTTP/1.1" 400 69198
ERROR 2020-07-08 23:10:13,202 exception 74 Invalid HTTP_HOST header: '127.0.0.1:9001'. You may need to add '127.0.0.1' to ALLOWED_HOSTS.
WARNING 2020-07-08 23:10:13,249 basehttp 124 "GET /favicon.ico HTTP/1.1" 400 69111
WARNING 2020-07-08 23:10:19,206 base 93 Not Found: /
WARNING 2020-07-08 23:10:19,208 basehttp 124 "GET / HTTP/1.1" 404 2056
INFO 2020-07-08 23:11:37,056 basehttp 124 "GET /xadmin/ HTTP/1.1" 200 11670
INFO 2020-07-08 23:11:37,093 basehttp 124 "GET /static/xadmin/vendor/font-awesome/css/font-awesome.css HTTP/1.1" 304 0
INFO 2020-07-08 23:11:37,094 basehttp 124 "GET /static/xadmin/vendor/bootstrap/css/bootstrap.css HTTP/1.1" 304 0
INFO 2020-07-08 23:11:37,095 basehttp 124 "GET /static/xadmin/css/themes/bootstrap-xadmin.css HTTP/1.1" 304 0
INFO 2020-07-08 23:11:37,096 basehttp 124 "GET /static/xadmin/css/xadmin.main.css HTTP/1.1" 304 0
INFO 2020-07-08 23:11:37,099 basehttp 124 "GET /static/xadmin/css/xadmin.plugins.css HTTP/1.1" 304 0
INFO 2020-07-08 23:11:37,106 basehttp 124 "GET /static/xadmin/css/xadmin.responsive.css HTTP/1.1" 304 0
INFO 2020-07-08 23:11:37,109 basehttp 124 "GET /static/xadmin/css/xadmin.page.dashboard.css HTTP/1.1" 304 0
INFO 2020-07-08 23:11:37,113 basehttp 124 "GET /static/xadmin/vendor/jquery-ui/jquery.ui.mouse.js HTTP/1.1" 304 0
INFO 2020-07-08 23:11:37,113 basehttp 124 "GET /static/xadmin/vendor/jquery-ui/jquery.ui.widget.js HTTP/1.1" 304 0
INFO 2020-07-08 23:11:37,123 basehttp 124 "GET /static/xadmin/js/xadmin.responsive.js HTTP/1.1" 304 0
INFO 2020-07-08 23:11:37,123 basehttp 124 "GET /static/xadmin/vendor/bootstrap/js/bootstrap.js HTTP/1.1" 304 0
INFO 2020-07-08 23:11:37,125 basehttp 124 "GET /static/xadmin/js/xadmin.plugin.themes.js HTTP/1.1" 200 3489
INFO 2020-07-08 23:11:37,127 basehttp 124 "GET /static/xadmin/js/xadmin.page.dashboard.js HTTP/1.1" 304 0
INFO 2020-07-08 23:11:37,127 basehttp 124 "GET /static/xadmin/vendor/jquery-ui/jquery.ui.core.js HTTP/1.1" 304 0
INFO 2020-07-08 23:11:37,138 basehttp 124 "GET /static/xadmin/js/xadmin.plugin.portal.js HTTP/1.1" 304 0
INFO 2020-07-08 23:11:37,139 basehttp 124 "GET /static/xadmin/vendor/jquery/jquery.js HTTP/1.1" 304 0
INFO 2020-07-08 23:11:37,140 basehttp 124 "GET /static/xadmin/vendor/jquery-ui/jquery.ui.sortable.js HTTP/1.1" 304 0
INFO 2020-07-08 23:11:37,141 basehttp 124 "GET /static/xadmin/js/xadmin.main.js HTTP/1.1" 304 0
INFO 2020-07-08 23:11:37,142 basehttp 124 "GET /static/xadmin/vendor/jquery-ui/jquery.ui.effect.js HTTP/1.1" 200 31918
INFO 2020-07-08 23:11:41,152 basehttp 124 "GET /xadmin/jsi18n/ HTTP/1.1" 200 7684
INFO 2020-07-08 23:11:41,220 basehttp 124 "GET /static/xadmin/vendor/font-awesome/fonts/fontawesome-webfont.woff?v=4.0.3 HTTP/1.1" 304 0
INFO 2020-07-08 23:13:13,280 basehttp 124 "GET /xadmin/ HTTP/1.1" 200 13245
INFO 2020-07-08 23:13:17,348 basehttp 124 "GET /xadmin/jsi18n/ HTTP/1.1" 200 7684
INFO 2020-07-08 23:14:20,190 basehttp 124 "GET /xadmin/ HTTP/1.1" 200 14376
INFO 2020-07-08 23:14:24,257 basehttp 124 "GET /xadmin/jsi18n/ HTTP/1.1" 200 7684
INFO 2020-07-08 23:14:47,288 basehttp 124 "GET /xadmin/auth/user/ HTTP/1.1" 200 33930
INFO 2020-07-08 23:14:47,311 basehttp 124 "GET /static/xadmin/vendor/bootstrap/css/bootstrap.css HTTP/1.1" 304 0
INFO 2020-07-08 23:14:47,312 basehttp 124 "GET /static/xadmin/css/themes/bootstrap-xadmin.css HTTP/1.1" 304 0
INFO 2020-07-08 23:14:47,318 basehttp 124 "GET /static/xadmin/vendor/font-awesome/css/font-awesome.css HTTP/1.1" 304 0
INFO 2020-07-08 23:14:47,326 basehttp 124 "GET /static/xadmin/css/xadmin.main.css HTTP/1.1" 304 0
INFO 2020-07-08 23:14:47,327 basehttp 124 "GET /static/xadmin/css/xadmin.plugins.css HTTP/1.1" 304 0
INFO 2020-07-08 23:14:47,327 basehttp 124 "GET /static/xadmin/css/xadmin.responsive.css HTTP/1.1" 304 0
INFO 2020-07-08 23:14:47,329 basehttp 124 "GET /static/xadmin/vendor/jquery/jquery.js HTTP/1.1" 304 0
INFO 2020-07-08 23:14:47,329 basehttp 124 "GET /static/xadmin/css/xadmin.form.css HTTP/1.1" 304 0
INFO 2020-07-08 23:14:47,330 basehttp 124 "GET /static/xadmin/vendor/jquery-ui/jquery.ui.core.js HTTP/1.1" 304 0
INFO 2020-07-08 23:14:47,341 basehttp 124 "GET /static/xadmin/vendor/bootstrap/js/bootstrap.js HTTP/1.1" 304 0
INFO 2020-07-08 23:14:47,341 basehttp 124 "GET /static/xadmin/js/xadmin.main.js HTTP/1.1" 304 0
INFO 2020-07-08 23:14:47,342 basehttp 124 "GET /static/xadmin/vendor/jquery-ui/jquery.ui.sortable.js HTTP/1.1" 304 0
INFO 2020-07-08 23:14:47,342 basehttp 124 "GET /static/xadmin/js/xadmin.responsive.js HTTP/1.1" 304 0
INFO 2020-07-08 23:14:47,343 basehttp 124 "GET /static/xadmin/vendor/jquery-ui/jquery.ui.effect.js HTTP/1.1" 304 0
INFO 2020-07-08 23:14:47,343 basehttp 124 "GET /static/xadmin/js/xadmin.plugin.themes.js HTTP/1.1" 304 0
INFO 2020-07-08 23:14:47,357 basehttp 124 "GET /static/xadmin/vendor/jquery-ui/jquery.ui.widget.js HTTP/1.1" 304 0
INFO 2020-07-08 23:14:47,358 basehttp 124 "GET /static/xadmin/js/xadmin.page.form.js HTTP/1.1" 304 0
INFO 2020-07-08 23:14:47,358 basehttp 124 "GET /static/xadmin/js/xadmin.plugin.bookmark.js HTTP/1.1" 304 0
INFO 2020-07-08 23:14:47,358 basehttp 124 "GET /static/xadmin/vendor/jquery-ui/jquery.ui.mouse.js HTTP/1.1" 304 0
INFO 2020-07-08 23:14:47,358 basehttp 124 "GET /static/xadmin/js/xadmin.plugin.actions.js HTTP/1.1" 200 4198
INFO 2020-07-08 23:14:47,366 basehttp 124 "GET /static/xadmin/js/xadmin.plugin.filters.js HTTP/1.1" 304 0
INFO 2020-07-08 23:14:47,366 basehttp 124 "GET /static/xadmin/js/xadmin.page.list.js HTTP/1.1" 304 0
INFO 2020-07-08 23:14:47,366 basehttp 124 "GET /static/xadmin/js/xadmin.plugin.details.js HTTP/1.1" 304 0
INFO 2020-07-08 23:14:51,392 basehttp 124 "GET /xadmin/jsi18n/ HTTP/1.1" 200 7684
INFO 2020-07-08 23:15:01,219 basehttp 124 "GET /xadmin/home/banner/ HTTP/1.1" 200 23915
INFO 2020-07-08 23:15:05,269 basehttp 124 "GET /xadmin/jsi18n/ HTTP/1.1" 200 7684
INFO 2020-07-08 23:27:51,425 basehttp 124 "GET /xadmin/home/banner/add/ HTTP/1.1" 200 19451
ERROR 2020-07-08 23:27:51,429 basehttp 124 "GET /xadmin/home/banner/add/ HTTP/1.1" 500 59
INFO 2020-07-08 23:27:54,736 basehttp 124 "GET /xadmin/home/banner/add/ HTTP/1.1" 200 19451
INFO 2020-07-08 23:27:54,760 basehttp 124 "GET /static/xadmin/vendor/bootstrap/css/bootstrap.css HTTP/1.1" 304 0
INFO 2020-07-08 23:27:54,770 basehttp 124 "GET /static/xadmin/css/themes/bootstrap-xadmin.css HTTP/1.1" 304 0
INFO 2020-07-08 23:27:54,781 basehttp 124 "GET /static/xadmin/vendor/font-awesome/css/font-awesome.css HTTP/1.1" 304 0
INFO 2020-07-08 23:27:54,782 basehttp 124 "GET /static/xadmin/css/xadmin.main.css HTTP/1.1" 304 0
INFO 2020-07-08 23:27:54,783 basehttp 124 "GET /static/xadmin/css/xadmin.responsive.css HTTP/1.1" 304 0
INFO 2020-07-08 23:27:54,783 basehttp 124 "GET /static/xadmin/css/xadmin.form.css HTTP/1.1" 304 0
INFO 2020-07-08 23:27:54,784 basehttp 124 "GET /static/xadmin/css/xadmin.plugins.css HTTP/1.1" 304 0
INFO 2020-07-08 23:27:54,785 basehttp 124 "GET /static/xadmin/vendor/bootstrap-image-gallery/css/bootstrap-image-gallery.css HTTP/1.1" 200 3339
INFO 2020-07-08 23:27:54,800 basehttp 124 "GET /static/xadmin/vendor/jquery-ui/jquery.ui.widget.js HTTP/1.1" 304 0
INFO 2020-07-08 23:27:54,800 basehttp 124 "GET /static/xadmin/vendor/jquery-ui/jquery.ui.sortable.js HTTP/1.1" 304 0
INFO 2020-07-08 23:27:54,800 basehttp 124 "GET /static/xadmin/vendor/jquery-ui/jquery.ui.mouse.js HTTP/1.1" 304 0
INFO 2020-07-08 23:27:54,801 basehttp 124 "GET /static/xadmin/vendor/bootstrap/js/bootstrap.js HTTP/1.1" 304 0
INFO 2020-07-08 23:27:54,802 basehttp 124 "GET /static/xadmin/js/xadmin.main.js HTTP/1.1" 304 0
INFO 2020-07-08 23:27:54,805 basehttp 124 "GET /static/xadmin/js/xadmin.responsive.js HTTP/1.1" 304 0
INFO 2020-07-08 23:27:54,817 basehttp 124 "GET /static/xadmin/vendor/jquery/jquery.js HTTP/1.1" 304 0
INFO 2020-07-08 23:27:54,821 basehttp 124 "GET /static/xadmin/vendor/jquery-ui/jquery.ui.effect.js HTTP/1.1" 304 0
INFO 2020-07-08 23:27:54,821 basehttp 124 "GET /static/xadmin/vendor/jquery-ui/jquery.ui.core.js HTTP/1.1" 304 0
INFO 2020-07-08 23:27:54,823 basehttp 124 "GET /static/xadmin/vendor/load-image/load-image.js HTTP/1.1" 200 8309
INFO 2020-07-08 23:27:54,823 basehttp 124 "GET /static/xadmin/vendor/bootstrap-image-gallery/js/bootstrap-image-gallery.js HTTP/1.1" 200 15611
INFO 2020-07-08 23:27:54,827 basehttp 124 "GET /static/xadmin/js/xadmin.plugin.themes.js HTTP/1.1" 304 0
INFO 2020-07-08 23:27:54,828 basehttp 124 "GET /static/xadmin/js/xadmin.plugin.portal.js HTTP/1.1" 304 0
INFO 2020-07-08 23:27:54,829 basehttp 124 "GET /static/xadmin/js/xadmin.page.form.js HTTP/1.1" 304 0
INFO 2020-07-08 23:27:58,845 basehttp 124 "GET /xadmin/jsi18n/ HTTP/1.1" 200 7684
INFO 2020-07-08 23:31:08,372 basehttp 124 "POST /xadmin/home/banner/add/ HTTP/1.1" 302 0
INFO 2020-07-08 23:31:12,461 basehttp 124 "GET /xadmin/home/banner/add/ HTTP/1.1" 200 19791
INFO 2020-07-08 23:31:16,497 basehttp 124 "GET /xadmin/jsi18n/ HTTP/1.1" 200 7684
INFO 2020-07-08 23:32:31,741 basehttp 124 "POST /xadmin/home/banner/add/ HTTP/1.1" 302 0
INFO 2020-07-08 23:32:35,845 basehttp 124 "GET /xadmin/home/banner/add/ HTTP/1.1" 200 19791
INFO 2020-07-08 23:32:35,876 basehttp 124 "GET /static/xadmin/vendor/bootstrap/css/bootstrap.css HTTP/1.1" 304 0
INFO 2020-07-08 23:32:35,877 basehttp 124 "GET /static/xadmin/css/themes/bootstrap-xadmin.css HTTP/1.1" 304 0
INFO 2020-07-08 23:32:35,877 basehttp 124 "GET /static/xadmin/vendor/font-awesome/css/font-awesome.css HTTP/1.1" 304 0
INFO 2020-07-08 23:32:35,877 basehttp 124 "GET /static/xadmin/css/xadmin.plugins.css HTTP/1.1" 304 0
INFO 2020-07-08 23:32:35,878 basehttp 124 "GET /static/xadmin/css/xadmin.main.css HTTP/1.1" 304 0
INFO 2020-07-08 23:32:35,880 basehttp 124 "GET /static/xadmin/css/xadmin.responsive.css HTTP/1.1" 304 0
INFO 2020-07-08 23:32:35,892 basehttp 124 "GET /static/xadmin/css/xadmin.form.css HTTP/1.1" 304 0
INFO 2020-07-08 23:32:35,893 basehttp 124 "GET /static/xadmin/vendor/bootstrap-image-gallery/css/bootstrap-image-gallery.css HTTP/1.1" 304 0
INFO 2020-07-08 23:32:35,893 basehttp 124 "GET /static/xadmin/vendor/jquery/jquery.js HTTP/1.1" 304 0
INFO 2020-07-08 23:32:35,894 basehttp 124 "GET /static/xadmin/vendor/jquery-ui/jquery.ui.widget.js HTTP/1.1" 304 0
INFO 2020-07-08 23:32:35,896 basehttp 124 "GET /static/xadmin/vendor/jquery-ui/jquery.ui.core.js HTTP/1.1" 304 0
INFO 2020-07-08 23:32:35,904 basehttp 124 "GET /static/xadmin/vendor/bootstrap/js/bootstrap.js HTTP/1.1" 304 0
INFO 2020-07-08 23:32:35,905 basehttp 124 "GET /static/xadmin/js/xadmin.plugin.themes.js HTTP/1.1" 304 0
INFO 2020-07-08 23:32:35,905 basehttp 124 "GET /static/xadmin/js/xadmin.responsive.js HTTP/1.1" 304 0
INFO 2020-07-08 23:32:35,905 basehttp 124 "GET /static/xadmin/js/xadmin.main.js HTTP/1.1" 304 0
INFO 2020-07-08 23:32:35,906 basehttp 124 "GET /static/xadmin/vendor/jquery-ui/jquery.ui.effect.js HTTP/1.1" 304 0
INFO 2020-07-08 23:32:35,917 basehttp 124 "GET /static/xadmin/js/xadmin.plugin.portal.js HTTP/1.1" 304 0
INFO 2020-07-08 23:32:35,917 basehttp 124 "GET /static/xadmin/vendor/load-image/load-image.js HTTP/1.1" 304 0
INFO 2020-07-08 23:32:35,918 basehttp 124 "GET /static/xadmin/vendor/jquery-ui/jquery.ui.sortable.js HTTP/1.1" 304 0
INFO 2020-07-08 23:32:35,918 basehttp 124 "GET /static/xadmin/js/xadmin.page.form.js HTTP/1.1" 304 0
INFO 2020-07-08 23:32:35,918 basehttp 124 "GET /static/xadmin/vendor/jquery-ui/jquery.ui.mouse.js HTTP/1.1" 304 0
INFO 2020-07-08 23:32:35,923 basehttp 124 "GET /static/xadmin/vendor/bootstrap-image-gallery/js/bootstrap-image-gallery.js HTTP/1.1" 304 0
INFO 2020-07-08 23:32:39,942 basehttp 124 "GET /xadmin/jsi18n/ HTTP/1.1" 200 7684
INFO 2020-07-08 23:33:02,672 basehttp 124 "POST /xadmin/home/banner/add/ HTTP/1.1" 302 0
INFO 2020-07-08 23:33:06,765 basehttp 124 "GET /xadmin/home/banner/ HTTP/1.1" 200 29108
INFO 2020-07-08 23:33:06,798 basehttp 124 "GET /static/xadmin/js/xadmin.plugin.actions.js HTTP/1.1" 304 0
INFO 2020-07-08 23:33:06,798 basehttp 124 "GET /static/xadmin/js/xadmin.plugin.bookmark.js HTTP/1.1" 304 0
INFO 2020-07-08 23:33:06,799 basehttp 124 "GET /static/xadmin/js/xadmin.plugin.details.js HTTP/1.1" 304 0
INFO 2020-07-08 23:33:06,800 basehttp 124 "GET /static/xadmin/js/xadmin.page.list.js HTTP/1.1" 304 0
INFO 2020-07-08 23:33:06,800 basehttp 124 "GET /static/xadmin/js/xadmin.plugin.filters.js HTTP/1.1" 304 0
INFO 2020-07-08 23:33:10,818 basehttp 124 "GET /xadmin/jsi18n/ HTTP/1.1" 200 7684
WARNING 2020-07-08 23:34:26,898 base 93 Not Found: /home/banner/
WARNING 2020-07-08 23:34:26,899 basehttp 124 "GET /home/banner/ HTTP/1.1" 404 2110
INFO 2020-07-08 23:38:55,664 basehttp 124 "GET /home/banner/ HTTP/1.1" 200 277
INFO 2020-07-08 23:38:55,686 basehttp 124 "GET /media/banner/987525603.jpg HTTP/1.1" 200 86406
INFO 2020-07-08 23:38:55,688 basehttp 124 "GET /media/banner/524292563.jpg HTTP/1.1" 200 137372
INFO 2020-07-08 23:38:55,688 basehttp 124 "GET /media/banner/135741046.jpg HTTP/1.1" 200 79557
INFO 2020-07-08 23:39:09,345 basehttp 124 "GET /home/banner/ HTTP/1.1" 200 277
INFO 2020-07-08 23:39:30,657 basehttp 124 "GET /xadmin/home/banner/3/update/ HTTP/1.1" 200 19925
INFO 2020-07-08 23:39:30,681 basehttp 124 "GET /static/xadmin/vendor/bootstrap/css/bootstrap.css HTTP/1.1" 304 0
INFO 2020-07-08 23:39:30,686 basehttp 124 "GET /static/xadmin/vendor/font-awesome/css/font-awesome.css HTTP/1.1" 304 0
INFO 2020-07-08 23:39:30,688 basehttp 124 "GET /static/xadmin/css/themes/bootstrap-xadmin.css HTTP/1.1" 304 0
INFO 2020-07-08 23:39:30,690 basehttp 124 "GET /static/xadmin/css/xadmin.main.css HTTP/1.1" 304 0
INFO 2020-07-08 23:39:30,694 basehttp 124 "GET /static/xadmin/css/xadmin.plugins.css HTTP/1.1" 304 0
INFO 2020-07-08 23:39:30,696 basehttp 124 "GET /static/xadmin/css/xadmin.responsive.css HTTP/1.1" 304 0
INFO 2020-07-08 23:39:30,697 basehttp 124 "GET /static/xadmin/css/xadmin.form.css HTTP/1.1" 304 0
INFO 2020-07-08 23:39:30,703 basehttp 124 "GET /static/xadmin/vendor/bootstrap-image-gallery/css/bootstrap-image-gallery.css HTTP/1.1" 304 0
INFO 2020-07-08 23:39:30,705 basehttp 124 "GET /static/xadmin/vendor/jquery-ui/jquery.ui.core.js HTTP/1.1" 304 0
INFO 2020-07-08 23:39:30,710 basehttp 124 "GET /static/xadmin/vendor/jquery/jquery.js HTTP/1.1" 304 0
INFO 2020-07-08 23:39:30,712 basehttp 124 "GET /media/banner/135741046.jpg HTTP/1.1" 304 0
INFO 2020-07-08 23:39:30,716 basehttp 124 "GET /static/xadmin/vendor/jquery-ui/jquery.ui.widget.js HTTP/1.1" 304 0
INFO 2020-07-08 23:39:30,734 basehttp 124 "GET /static/xadmin/vendor/jquery-ui/jquery.ui.mouse.js HTTP/1.1" 304 0
INFO 2020-07-08 23:39:30,734 basehttp 124 "GET /static/xadmin/vendor/jquery-ui/jquery.ui.sortable.js HTTP/1.1" 304 0
INFO 2020-07-08 23:39:30,741 basehttp 124 "GET /static/xadmin/vendor/bootstrap/js/bootstrap.js HTTP/1.1" 304 0
INFO 2020-07-08 23:39:30,745 basehttp 124 "GET /static/xadmin/js/xadmin.main.js HTTP/1.1" 304 0
INFO 2020-07-08 23:39:30,751 basehttp 124 "GET /static/xadmin/js/xadmin.responsive.js HTTP/1.1" 304 0
INFO 2020-07-08 23:39:30,751 basehttp 124 "GET /static/xadmin/vendor/jquery-ui/jquery.ui.effect.js HTTP/1.1" 304 0
INFO 2020-07-08 23:39:30,758 basehttp 124 "GET /static/xadmin/js/xadmin.plugin.themes.js HTTP/1.1" 304 0
INFO 2020-07-08 23:39:30,761 basehttp 124 "GET /static/xadmin/vendor/load-image/load-image.js HTTP/1.1" 304 0
INFO 2020-07-08 23:39:30,766 basehttp 124 "GET /static/xadmin/vendor/bootstrap-image-gallery/js/bootstrap-image-gallery.js HTTP/1.1" 304 0
INFO 2020-07-08 23:39:30,767 basehttp 124 "GET /static/xadmin/js/xadmin.plugin.portal.js HTTP/1.1" 304 0
INFO 2020-07-08 23:39:30,771 basehttp 124 "GET /static/xadmin/js/xadmin.page.form.js HTTP/1.1" 304 0
INFO 2020-07-08 23:39:34,739 basehttp 124 "GET /xadmin/jsi18n/ HTTP/1.1" 200 7684
INFO 2020-07-08 23:39:34,765 basehttp 124 "GET /static/xadmin/vendor/font-awesome/fonts/fontawesome-webfont.woff?v=4.0.3 HTTP/1.1" 304 0
INFO 2020-07-08 23:40:02,453 basehttp 124 "POST /xadmin/home/banner/3/update/ HTTP/1.1" 302 0
INFO 2020-07-08 23:40:06,527 basehttp 124 "GET /xadmin/home/banner/ HTTP/1.1" 200 29045
INFO 2020-07-08 23:40:06,564 basehttp 124 "GET /static/xadmin/js/xadmin.plugin.actions.js HTTP/1.1" 304 0
INFO 2020-07-08 23:40:06,564 basehttp 124 "GET /static/xadmin/js/xadmin.plugin.filters.js HTTP/1.1" 304 0
INFO 2020-07-08 23:40:06,564 basehttp 124 "GET /static/xadmin/js/xadmin.plugin.bookmark.js HTTP/1.1" 304 0
INFO 2020-07-08 23:40:06,565 basehttp 124 "GET /static/xadmin/js/xadmin.plugin.details.js HTTP/1.1" 304 0
INFO 2020-07-08 23:40:06,569 basehttp 124 "GET /static/xadmin/js/xadmin.page.list.js HTTP/1.1" 304 0
INFO 2020-07-08 23:40:10,574 basehttp 124 "GET /xadmin/jsi18n/ HTTP/1.1" 200 7684
INFO 2020-07-08 23:40:19,690 basehttp 124 "GET /home/banner/ HTTP/1.1" 200 277
INFO 2020-07-08 23:40:19,704 basehttp 124 "GET /media/banner/987525603.jpg HTTP/1.1" 304 0
INFO 2020-07-08 23:40:19,705 basehttp 124 "GET /media/banner/524292563.jpg HTTP/1.1" 304 0
INFO 2020-07-08 23:40:19,710 basehttp 124 "GET /media/banner/522196118.jpg HTTP/1.1" 200 102272
INFO 2020-07-08 23:40:25,439 basehttp 124 "GET /home/banner/ HTTP/1.1" 200 277
INFO 2020-07-08 23:40:25,451 basehttp 124 "GET /media/banner/522196118.jpg HTTP/1.1" 304 0
INFO 2020-07-08 23:45:41,410 basehttp 124 "GET /xadmin/home/banner/3/update/ HTTP/1.1" 200 19925
INFO 2020-07-08 23:45:41,427 basehttp 124 "GET /static/xadmin/vendor/bootstrap/css/bootstrap.css HTTP/1.1" 304 0
INFO 2020-07-08 23:45:41,442 basehttp 124 "GET /static/xadmin/css/themes/bootstrap-xadmin.css HTTP/1.1" 304 0
INFO 2020-07-08 23:45:41,443 basehttp 124 "GET /static/xadmin/vendor/font-awesome/css/font-awesome.css HTTP/1.1" 304 0
INFO 2020-07-08 23:45:41,444 basehttp 124 "GET /static/xadmin/css/xadmin.main.css HTTP/1.1" 304 0
INFO 2020-07-08 23:45:41,445 basehttp 124 "GET /static/xadmin/css/xadmin.plugins.css HTTP/1.1" 304 0
INFO 2020-07-08 23:45:41,447 basehttp 124 "GET /static/xadmin/css/xadmin.responsive.css HTTP/1.1" 304 0
INFO 2020-07-08 23:45:41,453 basehttp 124 "GET /static/xadmin/vendor/bootstrap-image-gallery/css/bootstrap-image-gallery.css HTTP/1.1" 304 0
INFO 2020-07-08 23:45:41,454 basehttp 124 "GET /static/xadmin/css/xadmin.form.css HTTP/1.1" 304 0
INFO 2020-07-08 23:45:41,456 basehttp 124 "GET /static/xadmin/vendor/jquery/jquery.js HTTP/1.1" 304 0
INFO 2020-07-08 23:45:41,458 basehttp 124 "GET /media/banner/522196118.jpg HTTP/1.1" 304 0
INFO 2020-07-08 23:45:41,460 basehttp 124 "GET /static/xadmin/vendor/jquery-ui/jquery.ui.core.js HTTP/1.1" 304 0
INFO 2020-07-08 23:45:41,478 basehttp 124 "GET /static/xadmin/vendor/jquery-ui/jquery.ui.mouse.js HTTP/1.1" 304 0
INFO 2020-07-08 23:45:41,478 basehttp 124 "GET /static/xadmin/vendor/jquery-ui/jquery.ui.widget.js HTTP/1.1" 304 0
INFO 2020-07-08 23:45:41,485 basehttp 124 "GET /static/xadmin/vendor/jquery-ui/jquery.ui.sortable.js HTTP/1.1" 304 0
INFO 2020-07-08 23:45:41,485 basehttp 124 "GET /static/xadmin/vendor/bootstrap/js/bootstrap.js HTTP/1.1" 304 0
INFO 2020-07-08 23:45:41,498 basehttp 124 "GET /static/xadmin/js/xadmin.main.js HTTP/1.1" 304 0
INFO 2020-07-08 23:45:41,498 basehttp 124 "GET /static/xadmin/js/xadmin.responsive.js HTTP/1.1" 304 0
INFO 2020-07-08 23:45:41,504 basehttp 124 "GET /static/xadmin/vendor/jquery-ui/jquery.ui.effect.js HTTP/1.1" 304 0
INFO 2020-07-08 23:45:41,505 basehttp 124 "GET /static/xadmin/js/xadmin.plugin.themes.js HTTP/1.1" 304 0
INFO 2020-07-08 23:45:41,512 basehttp 124 "GET /static/xadmin/vendor/load-image/load-image.js HTTP/1.1" 304 0
INFO 2020-07-08 23:45:41,512 basehttp 124 "GET /static/xadmin/vendor/bootstrap-image-gallery/js/bootstrap-image-gallery.js HTTP/1.1" 304 0
INFO 2020-07-08 23:45:41,517 basehttp 124 "GET /static/xadmin/js/xadmin.plugin.portal.js HTTP/1.1" 304 0
INFO 2020-07-08 23:45:41,518 basehttp 124 "GET /static/xadmin/js/xadmin.page.form.js HTTP/1.1" 304 0
INFO 2020-07-08 23:45:45,486 basehttp 124 "GET /xadmin/jsi18n/ HTTP/1.1" 200 7684
INFO 2020-07-08 23:45:45,499 basehttp 124 "GET /static/xadmin/vendor/font-awesome/fonts/fontawesome-webfont.woff?v=4.0.3 HTTP/1.1" 304 0
INFO 2020-07-08 23:46:47,366 basehttp 124 "POST /xadmin/home/banner/3/update/ HTTP/1.1" 302 0
INFO 2020-07-08 23:46:51,461 basehttp 124 "GET /xadmin/home/banner/ HTTP/1.1" 200 29051
INFO 2020-07-08 23:46:51,506 basehttp 124 "GET /static/xadmin/js/xadmin.plugin.details.js HTTP/1.1" 304 0
INFO 2020-07-08 23:46:51,506 basehttp 124 "GET /static/xadmin/js/xadmin.page.list.js HTTP/1.1" 304 0
INFO 2020-07-08 23:46:51,507 basehttp 124 "GET /static/xadmin/js/xadmin.plugin.actions.js HTTP/1.1" 304 0
INFO 2020-07-08 23:46:51,507 basehttp 124 "GET /static/xadmin/js/xadmin.plugin.bookmark.js HTTP/1.1" 304 0
INFO 2020-07-08 23:46:51,507 basehttp 124 "GET /static/xadmin/js/xadmin.plugin.filters.js HTTP/1.1" 304 0
INFO 2020-07-08 23:46:55,530 basehttp 124 "GET /xadmin/jsi18n/ HTTP/1.1" 200 7684
INFO 2020-07-08 23:47:01,840 basehttp 124 "GET /xadmin/home/banner/2/update/ HTTP/1.1" 200 19925
INFO 2020-07-08 23:47:01,867 basehttp 124 "GET /media/banner/524292563.jpg HTTP/1.1" 304 0
INFO 2020-07-08 23:47:05,901 basehttp 124 "GET /xadmin/jsi18n/ HTTP/1.1" 200 7684
INFO 2020-07-08 23:47:40,053 basehttp 124 "POST /xadmin/home/banner/2/update/ HTTP/1.1" 302 0
INFO 2020-07-08 23:47:44,141 basehttp 124 "GET /xadmin/home/banner/ HTTP/1.1" 200 29054
INFO 2020-07-08 23:47:48,217 basehttp 124 "GET /xadmin/jsi18n/ HTTP/1.1" 200 7684
INFO 2020-07-08 23:47:54,227 basehttp 124 "GET /xadmin/home/banner/1/update/ HTTP/1.1" 200 19925
INFO 2020-07-08 23:47:54,253 basehttp 124 "GET /media/banner/987525603.jpg HTTP/1.1" 304 0
INFO 2020-07-08 23:47:58,278 basehttp 124 "GET /xadmin/jsi18n/ HTTP/1.1" 200 7684
INFO 2020-07-08 23:48:20,544 basehttp 124 "POST /xadmin/home/banner/1/update/ HTTP/1.1" 302 0
INFO 2020-07-08 23:48:24,633 basehttp 124 "GET /xadmin/home/banner/ HTTP/1.1" 200 29057
INFO 2020-07-08 23:48:28,709 basehttp 124 "GET /xadmin/jsi18n/ HTTP/1.1" 200 7684
INFO 2020-07-08 23:48:37,480 basehttp 124 "GET /home/banner/ HTTP/1.1" 200 280
INFO 2020-07-08 23:48:37,509 basehttp 124 "GET /media/banner/02_RQunajm.png HTTP/1.1" 200 364808
INFO 2020-07-08 23:48:37,513 basehttp 124 "GET /media/banner/03_q3NL99r.png HTTP/1.1" 200 745382
INFO 2020-07-08 23:48:37,514 basehttp 124 "GET /media/banner/01_FzC7ayg.png HTTP/1.1" 200 737783
